TN:
SF:app.js
FN:8,(anonymous_0)
FNF:1
FNH:1
FNDA:2,(anonymous_0)
DA:1,1
DA:2,1
DA:4,1
DA:6,1
DA:8,1
DA:9,2
DA:10,2
DA:12,2
DA:14,2
DA:17,1
LF:10
LH:10
BRF:0
BRH:0
end_of_record
TN:
SF:server.js
FN:6,(anonymous_0)
FNF:1
FNH:0
FNDA:0,(anonymous_0)
DA:1,1
DA:3,1
DA:5,1
DA:6,0
DA:9,1
LF:5
LH:4
BRDA:5,0,0,0
BRDA:5,0,1,1
BRF:2
BRH:1
end_of_record
TN:
SF:builders\product-builder.js
FN:3,(anonymous_0)
FNF:1
FNH:1
FNDA:2,(anonymous_0)
DA:2,1
DA:3,2
LF:2
LH:2
BRDA:3,0,0,2
BRDA:3,1,0,2
BRDA:3,2,0,2
BRDA:3,3,0,2
BRF:4
BRH:4
end_of_record
TN:
SF:services\product-service.js
FN:1,(anonymous_0)
FNF:1
FNH:0
FNDA:0,(anonymous_0)
DA:1,1
LF:1
LH:1
BRF:0
BRH:0
end_of_record
TN:
SF:src\accounts.js
FN:3,createAccount
FN:4,(anonymous_1)
FN:11,deleteAccount
FN:13,(anonymous_3)
FN:17,login
FN:18,(anonymous_5)
FN:21,updateAccount
FN:22,(anonymous_7)
FN:30,getAccounts
FNF:9
FNH:9
FNDA:4,createAccount
FNDA:2,(anonymous_1)
FNDA:1,deleteAccount
FNDA:1,(anonymous_3)
FNDA:1,login
FNDA:1,(anonymous_5)
FNDA:1,updateAccount
FNDA:1,(anonymous_7)
FNDA:3,getAccounts
DA:1,1
DA:4,4
DA:5,2
DA:7,2
DA:8,2
DA:12,1
DA:13,1
DA:14,1
DA:18,1
DA:22,1
DA:23,1
DA:24,1
DA:25,1
DA:27,0
DA:31,3
DA:34,1
LF:16
LH:15
BRDA:4,0,0,2
BRDA:4,0,1,2
BRDA:14,1,0,1
BRDA:14,1,1,0
BRDA:18,2,0,1
BRDA:18,2,1,1
BRDA:23,3,0,1
BRDA:23,3,1,0
BRF:8
BRH:6
end_of_record
TN:
SF:src\cart.js
FN:5,addToCart
FN:10,removeFromCart
FN:11,(anonymous_2)
FN:19,proceedToCheckout
FN:24,getCartItems
FN:28,getCartQuantity
FNF:6
FNH:6
FNDA:5,addToCart
FNDA:2,removeFromCart
FNDA:2,(anonymous_2)
FNDA:1,proceedToCheckout
FNDA:3,getCartItems
FNDA:2,getCartQuantity
DA:3,1
DA:6,5
DA:7,5
DA:11,2
DA:12,2
DA:13,2
DA:14,2
DA:16,0
DA:20,1
DA:21,1
DA:25,3
DA:29,2
DA:32,1
LF:13
LH:12
BRDA:11,0,0,2
BRDA:11,0,1,2
BRDA:12,1,0,2
BRDA:12,1,1,0
BRF:4
BRH:3
end_of_record
